<?xml version="1.0" encoding="UTF-8"?>
<!-- Generated by org.testng.reporters.JUnitXMLReporter -->
<testsuite hostname="DESKTOP-JD0GGRM" ignored="0" name="Validate login page" tests="4" failures="1" timestamp="2020-05-15T17:22:36 CDT" time="27.304" errors="0">
  <testcase name="@BeforeTest initialize" time="17.146" classname="E2E2.ValidateNavigationBarTest">
    <failure type="org.openqa.selenium.SessionNotCreatedException" message="session not created
from chrome not reachable
  (Session info: chrome=81.0.4044.138)
Build info: version: &amp;apos;3.141.59&amp;apos;, revision: &amp;apos;e82be7d358&amp;apos;, time: &amp;apos;2018-11-14T08:17:03&amp;apos;
System info: host: &amp;apos;DESKTOP-JD0GGRM&amp;apos;, ip: &amp;apos;192.168.0.18&amp;apos;, os.name: &amp;apos;Windows 10&amp;apos;, os.arch: &amp;apos;amd64&amp;apos;, os.version: &amp;apos;10.0&amp;apos;, java.version: &amp;apos;1.8.0_251&amp;apos;
Driver info: driver.version: ChromeDriver
remote stacktrace: Backtrace:
	Ordinal0 [0x00A45E93+2449043]
	Ordinal0 [0x00978281+1606273]
	Ordinal0 [0x0086F732+522034]
	Ordinal0 [0x008694D2+496850]
	Ordinal0 [0x00869BBB+498619]
	Ordinal0 [0x0086AB15+502549]
	Ordinal0 [0x00866644+484932]
	Ordinal0 [0x00870520+525600]
	Ordinal0 [0x0081CBB9+183225]
	Ordinal0 [0x0081BF2D+180013]
	Ordinal0 [0x00819E5B+171611]
	Ordinal0 [0x00801DD8+73176]
	Ordinal0 [0x00802E50+77392]
	Ordinal0 [0x00802DE9+77289]
	Ordinal0 [0x0098D7F7+1693687]
	GetHandleVerifier [0x00AE4576+522742]
	GetHandleVerifier [0x00AE42B4+522036]
	GetHandleVerifier [0x00AF9587+608775]
	GetHandleVerifier [0x00AE4DE6+524902]
	Ordinal0 [0x00985BDC+1661916]
	Ordinal0 [0x0098F15B+1700187]
	Ordinal0 [0x0098F2C3+1700547]
	Ordinal0 [0x009A5135+1790261]
	BaseThreadInitThunk [0x75C96359+25]
	RtlGetAppContainerNamedObjectPath [0x77C57C14+228]
	RtlGetAppContainerNamedObjectPath [0x77C57BE4+180]
">
      <![CDATA[org.openqa.selenium.SessionNotCreatedException: session not created
from chrome not reachable
  (Session info: chrome=81.0.4044.138)
Build info: version: '3.141.59', revision: 'e82be7d358', time: '2018-11-14T08:17:03'
System info: host: 'DESKTOP-JD0GGRM', ip: '192.168.0.18', os.name: 'Windows 10', os.arch: 'amd64', os.version: '10.0', java.version: '1.8.0_251'
Driver info: driver.version: ChromeDriver
remote stacktrace: Backtrace:
Ordinal0 [0x00A45E93+2449043]
Ordinal0 [0x00978281+1606273]
Ordinal0 [0x0086F732+522034]
Ordinal0 [0x008694D2+496850]
Ordinal0 [0x00869BBB+498619]
Ordinal0 [0x0086AB15+502549]
Ordinal0 [0x00866644+484932]
Ordinal0 [0x00870520+525600]
Ordinal0 [0x0081CBB9+183225]
Ordinal0 [0x0081BF2D+180013]
Ordinal0 [0x00819E5B+171611]
Ordinal0 [0x00801DD8+73176]
Ordinal0 [0x00802E50+77392]
Ordinal0 [0x00802DE9+77289]
Ordinal0 [0x0098D7F7+1693687]
GetHandleVerifier [0x00AE4576+522742]
GetHandleVerifier [0x00AE42B4+522036]
GetHandleVerifier [0x00AF9587+608775]
GetHandleVerifier [0x00AE4DE6+524902]
Ordinal0 [0x00985BDC+1661916]
Ordinal0 [0x0098F15B+1700187]
Ordinal0 [0x0098F2C3+1700547]
Ordinal0 [0x009A5135+1790261]
BaseThreadInitThunk [0x75C96359+25]
RtlGetAppContainerNamedObjectPath [0x77C57C14+228]
RtlGetAppContainerNamedObjectPath [0x77C57BE4+180]

at org.openqa.selenium.remote.W3CHandshakeResponse.lambda$errorHandler$0(W3CHandshakeResponse.java:62)
at org.openqa.selenium.remote.HandshakeResponse.lambda$getResponseFunction$0(HandshakeResponse.java:30)
at org.openqa.selenium.remote.ProtocolHandshake.lambda$createSession$0(ProtocolHandshake.java:126)
at java.util.stream.ReferencePipeline$3$1.accept(Unknown Source)
at java.util.Spliterators$ArraySpliterator.tryAdvance(Unknown Source)
at java.util.stream.ReferencePipeline.forEachWithCancel(Unknown Source)
at java.util.stream.AbstractPipeline.copyIntoWithCancel(Unknown Source)
at java.util.stream.AbstractPipeline.copyInto(Unknown Source)
at java.util.stream.AbstractPipeline.wrapAndCopyInto(Unknown Source)
at java.util.stream.FindOps$FindOp.evaluateSequential(Unknown Source)
at java.util.stream.AbstractPipeline.evaluate(Unknown Source)
at java.util.stream.ReferencePipeline.findFirst(Unknown Source)
at org.openqa.selenium.remote.ProtocolHandshake.createSession(ProtocolHandshake.java:128)
at org.openqa.selenium.remote.ProtocolHandshake.createSession(ProtocolHandshake.java:74)
at org.openqa.selenium.remote.HttpCommandExecutor.execute(HttpCommandExecutor.java:136)
at org.openqa.selenium.remote.service.DriverCommandExecutor.execute(DriverCommandExecutor.java:83)
at org.openqa.selenium.remote.RemoteWebDriver.execute(RemoteWebDriver.java:552)
at org.openqa.selenium.remote.RemoteWebDriver.startSession(RemoteWebDriver.java:213)
at org.openqa.selenium.remote.RemoteWebDriver.<init>(RemoteWebDriver.java:131)
at org.openqa.selenium.chrome.ChromeDriver.<init>(ChromeDriver.java:181)
at org.openqa.selenium.chrome.ChromeDriver.<init>(ChromeDriver.java:168)
at org.openqa.selenium.chrome.ChromeDriver.<init>(ChromeDriver.java:123)
at resources.base.initializeDriver(base.java:34)
at E2E2.ValidateNavigationBarTest.initialize(ValidateNavigationBarTest.java:24)
at java.util.concurrent.FutureTask.run(Unknown Source)
at java.util.concurrent.ThreadPoolExecutor.runWorker(Unknown Source)
at java.util.concurrent.ThreadPoolExecutor$Worker.run(Unknown Source)
at java.lang.Thread.run(Unknown Source)
... Removed 19 stack frames]]>
    </failure>
  </testcase> <!-- @BeforeTest initialize -->
  <testcase name="@AfterTest closewindow" time="-1.589581346461E9" classname="E2E2.ValidateNavigationBarTest">
    <skipped/>
  </testcase> <!-- @AfterTest closewindow -->
  <testcase name="getTitle" time="0.167" classname="E2E2.ValidateTitleTest">
    <failure type="java.lang.AssertionError" message="expected [FEATURED CO123URSES] but found [FEATURED COURSES]">
      <![CDATA[java.lang.AssertionError: expected [FEATURED CO123URSES] but found [FEATURED COURSES]
at E2E2.ValidateTitleTest.getTitle(ValidateTitleTest.java:39)
at java.util.ArrayList.forEach(Unknown Source)
at java.util.concurrent.FutureTask.run(Unknown Source)
at java.util.concurrent.ThreadPoolExecutor.runWorker(Unknown Source)
at java.util.concurrent.ThreadPoolExecutor$Worker.run(Unknown Source)
at java.lang.Thread.run(Unknown Source)
... Removed 23 stack frames]]>
    </failure>
  </testcase> <!-- getTitle -->
  <testcase name="getNavigation" time="0.0" classname="E2E2.ValidateNavigationBarTest">
    <skipped/>
  </testcase> <!-- getNavigation -->
  <testcase name="HomePageNavigation" time="13.999" classname="E2E2.HomePageTest"/>
  <testcase name="HomePageNavigation" time="7.03" classname="E2E2.HomePageTest"/>
</testsuite> <!-- Validate login page -->
